<?xml version="1.0" encoding="UTF-8"?>
<!-- Generated by org.testng.reporters.JUnitReportReporter -->
<testsuite hostname="DESKTOP-4AV9BEB" name="pkg.jenkinsload" tests="1" failures="0" timestamp="8 Dec 2019 08:05:50 GMT" time="0.042" errors="0">
  <testcase name="demo" time="0.042" classname="pkg.jenkinsload"/>
</testsuite> <!-- pkg.jenkinsload -->
